<?xml version="1.0" encoding="UTF-8"?>
<!-- Generated by org.testng.reporters.JUnitXMLReporter -->
<testsuite hostname="DESKTOP-SNIGSR3" ignored="0" name="Test" tests="3" failures="1" timestamp="29 May 2022 12:26:16 GMT" time="1.196" errors="0">
  <testcase name="logintest" time="0.796" classname="com.tests.Logintest"/>
  <testcase name="failTest" time="0.009" classname="com.tests.Logintest">
    <failure type="java.lang.AssertionError" message="expected [test] but found [JavaByKiran | Dashboard]">
      <![CDATA[java.lang.AssertionError: expected [test] but found [JavaByKiran | Dashboard]
at com.tests.Logintest.failTest(Logintest.java:35)
... Removed 31 stack frames]]>
    </failure>
  </testcase> <!-- failTest -->
  <testcase name="skipTest" time="0.004" classname="com.tests.Logintest">
    <skipped/>
  </testcase> <!-- skipTest -->
</testsuite> <!-- Test -->
